<?xml version="1.0" encoding="UTF-8"?>
<!-- Generated by org.testng.reporters.JUnitXMLReporter -->
<testsuite hostname="DESKTOP-GJ9UHCB" name="Functional Test" tests="3" failures="0" timestamp="25 Oct 2016 08:21:39 GMT" time="0.051" errors="0">
  <testcase name="@BeforeSuite setup" time="0.0" classname="com.test.HomePageTest">
    <failure type="org.openqa.selenium.WebDriverException" message="Failed to connect to binary FirefoxBinary(C:\Program Files (x86)\Mozilla Firefox\firefox.exe) on port 7055; process output follows: 
-app-global&amp;quot;,&amp;quot;version&amp;quot;:&amp;quot;5.0.248.0&amp;quot;,&amp;quot;type&amp;quot;:&amp;quot;extension&amp;quot;,&amp;quot;internalName&amp;quot;:null,&amp;quot;updateURL&amp;quot;:null,&amp;quot;updateKey&amp;quot;:null,&amp;quot;optionsURL&amp;quot;:null,&amp;quot;optionsType&amp;quot;:null,&amp;quot;aboutURL&amp;quot;:null,&amp;quot;icons&amp;quot;:{},&amp;quot;iconURL&amp;quot;:&amp;quot;chrome://saff/content/siteadvisor.gif&amp;quot;,&amp;quot;icon64URL&amp;quot;:null,&amp;quot;defaultLocale&amp;quot;:{&amp;quot;name&amp;quot;:&amp;quot;McAfee WebAdvisor&amp;quot;,&amp;quot;description&amp;quot;:null,&amp;quot;creator&amp;quot;:&amp;quot;McAfee Inc.&amp;quot;,&amp;quot;homepageURL&amp;quot;:&amp;quot;http://www.siteadvisor.com/&amp;quot;},&amp;quot;visible&amp;quot;:true,&amp;quot;active&amp;quot;:false,&amp;quot;userDisabled&amp;quot;:true,&amp;quot;appDisabled&amp;quot;:false,&amp;quot;descriptor&amp;quot;:&amp;quot;C:\\Program Files (x86)\\McAfee\\SiteAdvisor\\saffplg.xpi&amp;quot;,&amp;quot;installDate&amp;quot;:1476994844761,&amp;quot;updateDate&amp;quot;:1476994844761,&amp;quot;applyBackgroundUpdates&amp;quot;:1,&amp;quot;bootstrap&amp;quot;:false,&amp;quot;skinnable&amp;quot;:false,&amp;quot;size&amp;quot;:296974,&amp;quot;sourceURI&amp;quot;:null,&amp;quot;releaseNotesURI&amp;quot;:null,&amp;quot;softDisabled&amp;quot;:false,&amp;quot;foreignInstall&amp;quot;:true,&amp;quot;hasBinaryComponents&amp;quot;:false,&amp;quot;strictCompatibility&amp;quot;:false,&amp;quot;locales&amp;quot;:[],&amp;quot;targetApplications&amp;quot;:[{&amp;quot;id&amp;quot;:&amp;quot;{ec8030f7-c20a-464f-9b0e-13a3a9e97384}&amp;quot;,&amp;quot;minVersion&amp;quot;:&amp;quot;26.0&amp;quot;,&amp;quot;maxVersion&amp;quot;:&amp;quot;44.*&amp;quot;}],&amp;quot;targetPlatforms&amp;quot;:[],&amp;quot;multiprocessCompatible&amp;quot;:false,&amp;quot;signedState&amp;quot;:2,&amp;quot;seen&amp;quot;:true}
1477383653927	DeferredSave.extensions.json	DEBUG	Save changes
1477383653927	addons.xpi	DEBUG	Updating database with changes to installed add-ons
1477383653927	addons.xpi-utils	DEBUG	Updating add-on states
1477383653929	addons.xpi-utils	DEBUG	Writing add-ons list
1477383653935	addons.xpi	DEBUG	Registering manifest for C:\Program Files (x86)\Mozilla Firefox\browser\features\e10srollout@mozilla.org.xpi
1477383653936	addons.xpi	DEBUG	Calling bootstrap method startup on e10srollout@mozilla.org version 1.3
1477383653936	addons.xpi	DEBUG	Registering manifest for C:\Program Files (x86)\Mozilla Firefox\browser\features\firefox@getpocket.com.xpi
1477383653937	addons.xpi	DEBUG	Calling bootstrap method startup on firefox@getpocket.com version 1.0.4
1477383653938	addons.xpi	DEBUG	Registering manifest for C:\Program Files (x86)\Mozilla Firefox\browser\features\webcompat@mozilla.org.xpi
1477383653939	addons.xpi	DEBUG	Calling bootstrap method startup on webcompat@mozilla.org version 1.0
1477383653941	addons.manager	DEBUG	Registering shutdown blocker for XPIProvider
1477383653941	addons.manager	DEBUG	Provider finished startup: XPIProvider
1477383653941	addons.manager	DEBUG	Starting provider: LightweightThemeManager
1477383653941	addons.manager	DEBUG	Registering shutdown blocker for LightweightThemeManager
1477383653941	addons.manager	DEBUG	Provider finished startup: LightweightThemeManager
1477383653942	addons.manager	DEBUG	Starting provider: GMPProvider
1477383653953	addons.manager	DEBUG	Registering shutdown blocker for GMPProvider
1477383653954	addons.manager	DEBUG	Provider finished startup: GMPProvider
1477383653954	addons.manager	DEBUG	Starting provider: PluginProvider
1477383653955	addons.manager	DEBUG	Registering shutdown blocker for PluginProvider
1477383653955	addons.manager	DEBUG	Provider finished startup: PluginProvider
1477383653956	addons.manager	DEBUG	Completed startup sequence
1477383655876	addons.manager	DEBUG	Starting provider: &amp;lt;unnamed-provider&amp;gt;
1477383655877	addons.manager	DEBUG	Registering shutdown blocker for &amp;lt;unnamed-provider&amp;gt;
1477383655879	addons.manager	DEBUG	Provider finished startup: &amp;lt;unnamed-provider&amp;gt;
1477383656103	DeferredSave.extensions.json	DEBUG	Write succeeded
1477383656103	addons.xpi-utils	DEBUG	XPI Database saved, setting schema version preference to 17
1477383656103	DeferredSave.extensions.json	DEBUG	Starting timer
1477383656125	DeferredSave.extensions.json	DEBUG	Starting write
1477383657001	addons.repository	DEBUG	No addons.json found.
1477383657002	DeferredSave.addons.json	DEBUG	Save changes
1477383657005	DeferredSave.addons.json	DEBUG	Starting timer
1477383657067	addons.manager	DEBUG	Starting provider: PreviousExperimentProvider
1477383657068	addons.manager	DEBUG	Registering shutdown blocker for PreviousExperimentProvider
1477383657068	addons.manager	DEBUG	Provider finished startup: PreviousExperimentProvider
1477383657089	DeferredSave.addons.json	DEBUG	Starting write
1477383657103	DeferredSave.extensions.json	DEBUG	Write succeeded
1477383657151	DeferredSave.addons.json	DEBUG	Write succeeded

Build info: version: &amp;apos;2.53.1&amp;apos;, revision: &amp;apos;a36b8b1&amp;apos;, time: &amp;apos;2016-06-30 17:37:03&amp;apos;
System info: host: &amp;apos;DESKTOP-GJ9UHCB&amp;apos;, ip: &amp;apos;192.168.1.10&amp;apos;, os.name: &amp;apos;Windows 10&amp;apos;, os.arch: &amp;apos;amd64&amp;apos;, os.version: &amp;apos;10.0&amp;apos;, java.version: &amp;apos;1.8.0_101&amp;apos;
Driver info: driver.version: FirefoxDriver">
      <![CDATA[org.openqa.selenium.WebDriverException: Failed to connect to binary FirefoxBinary(C:\Program Files (x86)\Mozilla Firefox\firefox.exe) on port 7055; process output follows: 
-app-global","version":"5.0.248.0","type":"extension","internalName":null,"updateURL":null,"updateKey":null,"optionsURL":null,"optionsType":null,"aboutURL":null,"icons":{},"iconURL":"chrome://saff/content/siteadvisor.gif","icon64URL":null,"defaultLocale":{"name":"McAfee WebAdvisor","description":null,"creator":"McAfee Inc.","homepageURL":"http://www.siteadvisor.com/"},"visible":true,"active":false,"userDisabled":true,"appDisabled":false,"descriptor":"C:\\Program Files (x86)\\McAfee\\SiteAdvisor\\saffplg.xpi","installDate":1476994844761,"updateDate":1476994844761,"applyBackgroundUpdates":1,"bootstrap":false,"skinnable":false,"size":296974,"sourceURI":null,"releaseNotesURI":null,"softDisabled":false,"foreignInstall":true,"hasBinaryComponents":false,"strictCompatibility":false,"locales":[],"targetApplications":[{"id":"{ec8030f7-c20a-464f-9b0e-13a3a9e97384}","minVersion":"26.0","maxVersion":"44.*"}],"targetPlatforms":[],"multiprocessCompatible":false,"signedState":2,"seen":true}
1477383653927	DeferredSave.extensions.json	DEBUG	Save changes
1477383653927	addons.xpi	DEBUG	Updating database with changes to installed add-ons
1477383653927	addons.xpi-utils	DEBUG	Updating add-on states
1477383653929	addons.xpi-utils	DEBUG	Writing add-ons list
1477383653935	addons.xpi	DEBUG	Registering manifest for C:\Program Files (x86)\Mozilla Firefox\browser\features\e10srollout@mozilla.org.xpi
1477383653936	addons.xpi	DEBUG	Calling bootstrap method startup on e10srollout@mozilla.org version 1.3
1477383653936	addons.xpi	DEBUG	Registering manifest for C:\Program Files (x86)\Mozilla Firefox\browser\features\firefox@getpocket.com.xpi
1477383653937	addons.xpi	DEBUG	Calling bootstrap method startup on firefox@getpocket.com version 1.0.4
1477383653938	addons.xpi	DEBUG	Registering manifest for C:\Program Files (x86)\Mozilla Firefox\browser\features\webcompat@mozilla.org.xpi
1477383653939	addons.xpi	DEBUG	Calling bootstrap method startup on webcompat@mozilla.org version 1.0
1477383653941	addons.manager	DEBUG	Registering shutdown blocker for XPIProvider
1477383653941	addons.manager	DEBUG	Provider finished startup: XPIProvider
1477383653941	addons.manager	DEBUG	Starting provider: LightweightThemeManager
1477383653941	addons.manager	DEBUG	Registering shutdown blocker for LightweightThemeManager
1477383653941	addons.manager	DEBUG	Provider finished startup: LightweightThemeManager
1477383653942	addons.manager	DEBUG	Starting provider: GMPProvider
1477383653953	addons.manager	DEBUG	Registering shutdown blocker for GMPProvider
1477383653954	addons.manager	DEBUG	Provider finished startup: GMPProvider
1477383653954	addons.manager	DEBUG	Starting provider: PluginProvider
1477383653955	addons.manager	DEBUG	Registering shutdown blocker for PluginProvider
1477383653955	addons.manager	DEBUG	Provider finished startup: PluginProvider
1477383653956	addons.manager	DEBUG	Completed startup sequence
1477383655876	addons.manager	DEBUG	Starting provider: <unnamed-provider>
1477383655877	addons.manager	DEBUG	Registering shutdown blocker for <unnamed-provider>
1477383655879	addons.manager	DEBUG	Provider finished startup: <unnamed-provider>
1477383656103	DeferredSave.extensions.json	DEBUG	Write succeeded
1477383656103	addons.xpi-utils	DEBUG	XPI Database saved, setting schema version preference to 17
1477383656103	DeferredSave.extensions.json	DEBUG	Starting timer
1477383656125	DeferredSave.extensions.json	DEBUG	Starting write
1477383657001	addons.repository	DEBUG	No addons.json found.
1477383657002	DeferredSave.addons.json	DEBUG	Save changes
1477383657005	DeferredSave.addons.json	DEBUG	Starting timer
1477383657067	addons.manager	DEBUG	Starting provider: PreviousExperimentProvider
1477383657068	addons.manager	DEBUG	Registering shutdown blocker for PreviousExperimentProvider
1477383657068	addons.manager	DEBUG	Provider finished startup: PreviousExperimentProvider
1477383657089	DeferredSave.addons.json	DEBUG	Starting write
1477383657103	DeferredSave.extensions.json	DEBUG	Write succeeded
1477383657151	DeferredSave.addons.json	DEBUG	Write succeeded

Build info: version: '2.53.1', revision: 'a36b8b1', time: '2016-06-30 17:37:03'
System info: host: 'DESKTOP-GJ9UHCB', ip: '192.168.1.10', os.name: 'Windows 10', os.arch: 'amd64', os.version: '10.0', java.version: '1.8.0_101'
Driver info: driver.version: FirefoxDriver
	at org.openqa.selenium.firefox.internal.NewProfileExtensionConnection.start(NewProfileExtensionConnection.java:124)
	at org.openqa.selenium.firefox.FirefoxDriver.startClient(FirefoxDriver.java:271)
	at org.openqa.selenium.remote.RemoteWebDriver.<init>(RemoteWebDriver.java:119)
	at org.openqa.selenium.firefox.FirefoxDriver.<init>(FirefoxDriver.java:218)
	at org.openqa.selenium.firefox.FirefoxDriver.<init>(FirefoxDriver.java:211)
	at org.openqa.selenium.firefox.FirefoxDriver.<init>(FirefoxDriver.java:207)
	at org.openqa.selenium.firefox.FirefoxDriver.<init>(FirefoxDriver.java:120)
	at com.base.BaseTest.setup(BaseTest.java:24)
Caused by: org.openqa.selenium.firefox.NotConnectedException: Unable to connect to host 127.0.0.1 on port 7055 after 45000 ms. Firefox console output:
-app-global","version":"5.0.248.0","type":"extension","internalName":null,"updateURL":null,"updateKey":null,"optionsURL":null,"optionsType":null,"aboutURL":null,"icons":{},"iconURL":"chrome://saff/content/siteadvisor.gif","icon64URL":null,"defaultLocale":{"name":"McAfee WebAdvisor","description":null,"creator":"McAfee Inc.","homepageURL":"http://www.siteadvisor.com/"},"visible":true,"active":false,"userDisabled":true,"appDisabled":false,"descriptor":"C:\\Program Files (x86)\\McAfee\\SiteAdvisor\\saffplg.xpi","installDate":1476994844761,"updateDate":1476994844761,"applyBackgroundUpdates":1,"bootstrap":false,"skinnable":false,"size":296974,"sourceURI":null,"releaseNotesURI":null,"softDisabled":false,"foreignInstall":true,"hasBinaryComponents":false,"strictCompatibility":false,"locales":[],"targetApplications":[{"id":"{ec8030f7-c20a-464f-9b0e-13a3a9e97384}","minVersion":"26.0","maxVersion":"44.*"}],"targetPlatforms":[],"multiprocessCompatible":false,"signedState":2,"seen":true}
1477383653927	DeferredSave.extensions.json	DEBUG	Save changes
1477383653927	addons.xpi	DEBUG	Updating database with changes to installed add-ons
1477383653927	addons.xpi-utils	DEBUG	Updating add-on states
1477383653929	addons.xpi-utils	DEBUG	Writing add-ons list
1477383653935	addons.xpi	DEBUG	Registering manifest for C:\Program Files (x86)\Mozilla Firefox\browser\features\e10srollout@mozilla.org.xpi
1477383653936	addons.xpi	DEBUG	Calling bootstrap method startup on e10srollout@mozilla.org version 1.3
1477383653936	addons.xpi	DEBUG	Registering manifest for C:\Program Files (x86)\Mozilla Firefox\browser\features\firefox@getpocket.com.xpi
1477383653937	addons.xpi	DEBUG	Calling bootstrap method startup on firefox@getpocket.com version 1.0.4
1477383653938	addons.xpi	DEBUG	Registering manifest for C:\Program Files (x86)\Mozilla Firefox\browser\features\webcompat@mozilla.org.xpi
1477383653939	addons.xpi	DEBUG	Calling bootstrap method startup on webcompat@mozilla.org version 1.0
1477383653941	addons.manager	DEBUG	Registering shutdown blocker for XPIProvider
1477383653941	addons.manager	DEBUG	Provider finished startup: XPIProvider
1477383653941	addons.manager	DEBUG	Starting provider: LightweightThemeManager
1477383653941	addons.manager	DEBUG	Registering shutdown blocker for LightweightThemeManager
1477383653941	addons.manager	DEBUG	Provider finished startup: LightweightThemeManager
1477383653942	addons.manager	DEBUG	Starting provider: GMPProvider
1477383653953	addons.manager	DEBUG	Registering shutdown blocker for GMPProvider
1477383653954	addons.manager	DEBUG	Provider finished startup: GMPProvider
1477383653954	addons.manager	DEBUG	Starting provider: PluginProvider
1477383653955	addons.manager	DEBUG	Registering shutdown blocker for PluginProvider
1477383653955	addons.manager	DEBUG	Provider finished startup: PluginProvider
1477383653956	addons.manager	DEBUG	Completed startup sequence
1477383655876	addons.manager	DEBUG	Starting provider: <unnamed-provider>
1477383655877	addons.manager	DEBUG	Registering shutdown blocker for <unnamed-provider>
1477383655879	addons.manager	DEBUG	Provider finished startup: <unnamed-provider>
1477383656103	DeferredSave.extensions.json	DEBUG	Write succeeded
1477383656103	addons.xpi-utils	DEBUG	XPI Database saved, setting schema version preference to 17
1477383656103	DeferredSave.extensions.json	DEBUG	Starting timer
1477383656125	DeferredSave.extensions.json	DEBUG	Starting write
1477383657001	addons.repository	DEBUG	No addons.json found.
1477383657002	DeferredSave.addons.json	DEBUG	Save changes
1477383657005	DeferredSave.addons.json	DEBUG	Starting timer
1477383657067	addons.manager	DEBUG	Starting provider: PreviousExperimentProvider
1477383657068	addons.manager	DEBUG	Registering shutdown blocker for PreviousExperimentProvider
1477383657068	addons.manager	DEBUG	Provider finished startup: PreviousExperimentProvider
1477383657089	DeferredSave.addons.json	DEBUG	Starting write
1477383657103	DeferredSave.extensions.json	DEBUG	Write succeeded
1477383657151	DeferredSave.addons.json	DEBUG	Write succeeded

	at org.openqa.selenium.firefox.internal.NewProfileExtensionConnection.start(NewProfileExtensionConnection.java:112)
	... 25 more
... Removed 18 stack frames]]>
    </failure>
  </testcase> <!-- @BeforeSuite setup -->
  <testcase name="@BeforeClass Intilize" time="0.0" classname="com.test.HomePageTest">
    <skipped/>
  </testcase> <!-- @BeforeClass Intilize -->
  <testcase name="@AfterClass quit" time="0.0" classname="com.test.HomePageTest">
    <skipped/>
  </testcase> <!-- @AfterClass quit -->
  <testcase name="@BeforeClass Initilize" time="0.0" classname="com.test.LoginPageTest">
    <skipped/>
  </testcase> <!-- @BeforeClass Initilize -->
  <testcase name="@AfterClass quit" time="0.0" classname="com.test.LoginPageTest">
    <skipped/>
  </testcase> <!-- @AfterClass quit -->
  <testcase name="TestLoginClick" time="0.001" classname="com.test.HomePageTest">
    <skipped/>
  </testcase> <!-- TestLoginClick -->
  <testcase name="TestcountSocialIcons" time="0.001" classname="com.test.HomePageTest">
    <skipped/>
  </testcase> <!-- TestcountSocialIcons -->
  <testcase name="testLogin" time="0.0" classname="com.test.LoginPageTest">
    <skipped/>
  </testcase> <!-- testLogin -->
</testsuite> <!-- Functional Test -->
